# JRE version: Java(TM) SE Runtime Environment (21.0.4+8) (build 21.0.4+8-LTS-274)
# Java VM: Java HotSpot(TM) 64-Bit Server VM (21.0.4+8-LTS-274, mixed mode, sharing, tiered, compressed oops, compressed class ptrs, g1 gc, windows-amd64)
GC Precious Log:
 CardTable entry size: 512
 Card Set container configuration: InlinePtr #cards 5 size 8 Array Of Cards #cards 12 size 40 Howl #buckets 4 coarsen threshold 1843 Howl Bitmap #cards 512 size 80 coarsen threshold 460 Card regions per heap region 1 cards per card region 2048
 CPUs: 8 total, 8 available
 Memory: 16215M
 Large Page Support: Disabled
 NUMA Support: Disabled
 Compressed Oops: Enabled (32-bit)
 Heap Region Size: 1M
 Heap Min Capacity: 256M
 Heap Initial Capacity: 256M
 Heap Max Capacity: 512M
 Pre-touch: Disabled
 Parallel Workers: 8
 Concurrent Workers: 2
 Concurrent Refinement Workers: 8
 Periodic GC: Disabled
Heap:
 garbage-first heap   total 262144K, used 170430K [0x00000000e0000000, 0x0000000100000000)
  region size 1024K, 116 young (118784K), 8 survivors (8192K)
 Metaspace       used 61259K, committed 63424K, reserved 393216K
  class space    used 8732K, committed 9792K, reserved 327680K
GC Heap History (16 events):
Event: 0.543 GC heap before
{Heap before GC invocations=0 (full 0):
 garbage-first heap   total 262144K, used 27648K [0x00000000e0000000, 0x0000000100000000)
  region size 1024K, 23 young (23552K), 0 survivors (0K)
 Metaspace       used 2442K, committed 2624K, reserved 393216K
  class space    used 278K, committed 384K, reserved 327680K
}
Event: 0.546 GC heap after
{Heap after GC invocations=1 (full 0):
 garbage-first heap   total 262144K, used 10837K [0x00000000e0000000, 0x0000000100000000)
  region size 1024K, 3 young (3072K), 3 survivors (3072K)
 Metaspace       used 2442K, committed 2624K, reserved 393216K
  class space    used 278K, committed 384K, reserved 327680K
}
Event: 0.983 GC heap before
{Heap before GC invocations=1 (full 0):
 garbage-first heap   total 262144K, used 38485K [0x00000000e0000000, 0x0000000100000000)
  region size 1024K, 31 young (31744K), 3 survivors (3072K)
 Metaspace       used 4168K, committed 4416K, reserved 393216K
  class space    used 516K, committed 640K, reserved 327680K
}
Event: 0.986 GC heap after
{Heap after GC invocations=2 (full 0):
 garbage-first heap   total 262144K, used 11971K [0x00000000e0000000, 0x0000000100000000)
  region size 1024K, 2 young (2048K), 2 survivors (2048K)
 Metaspace       used 4168K, committed 4416K, reserved 393216K
  class space    used 516K, committed 640K, reserved 327680K
}
Event: 2.531 GC heap before
{Heap before GC invocations=2 (full 0):
 garbage-first heap   total 262144K, used 114371K [0x00000000e0000000, 0x0000000100000000)
  region size 1024K, 100 young (102400K), 2 survivors (2048K)
 Metaspace       used 18902K, committed 19456K, reserved 393216K
  class space    used 2700K, committed 2944K, reserved 327680K
}
Event: 2.539 GC heap after
{Heap after GC invocations=3 (full 0):
 garbage-first heap   total 262144K, used 22966K [0x00000000e0000000, 0x0000000100000000)
  region size 1024K, 11 young (11264K), 11 survivors (11264K)
 Metaspace       used 18902K, committed 19456K, reserved 393216K
  class space    used 2700K, committed 2944K, reserved 327680K
}
Event: 2.765 GC heap before
{Heap before GC invocations=3 (full 0):
 garbage-first heap   total 262144K, used 38326K [0x00000000e0000000, 0x0000000100000000)
  region size 1024K, 27 young (27648K), 11 survivors (11264K)
 Metaspace       used 20836K, committed 21504K, reserved 393216K
  class space    used 3023K, committed 3328K, reserved 327680K
}
Event: 2.770 GC heap after
{Heap after GC invocations=4 (full 0):
 garbage-first heap   total 262144K, used 24258K [0x00000000e0000000, 0x0000000100000000)
  region size 1024K, 12 young (12288K), 12 survivors (12288K)
 Metaspace       used 20836K, committed 21504K, reserved 393216K
  class space    used 3023K, committed 3328K, reserved 327680K
}
Event: 3.913 GC heap before
{Heap before GC invocations=5 (full 0):
 garbage-first heap   total 262144K, used 112322K [0x00000000e0000000, 0x0000000100000000)
  region size 1024K, 100 young (102400K), 12 survivors (12288K)
 Metaspace       used 34814K, committed 35968K, reserved 393216K
  class space    used 5055K, committed 5632K, reserved 327680K
}
Event: 3.924 GC heap after
{Heap after GC invocations=6 (full 0):
 garbage-first heap   total 262144K, used 31263K [0x00000000e0000000, 0x0000000100000000)
  region size 1024K, 8 young (8192K), 8 survivors (8192K)
 Metaspace       used 34814K, committed 35968K, reserved 393216K
  class space    used 5055K, committed 5632K, reserved 327680K
}
Event: 5.494 GC heap before
{Heap before GC invocations=7 (full 0):
 garbage-first heap   total 262144K, used 185887K [0x00000000e0000000, 0x0000000100000000)
  region size 1024K, 153 young (156672K), 8 survivors (8192K)
 Metaspace       used 48636K, committed 50240K, reserved 393216K
  class space    used 6965K, committed 7744K, reserved 327680K
}
Event: 5.505 GC heap after
{Heap after GC invocations=8 (full 0):
 garbage-first heap   total 262144K, used 40951K [0x00000000e0000000, 0x0000000100000000)
  region size 1024K, 18 young (18432K), 18 survivors (18432K)
 Metaspace       used 48636K, committed 50240K, reserved 393216K
  class space    used 6965K, committed 7744K, reserved 327680K
}
Event: 7.257 GC heap before
{Heap before GC invocations=8 (full 0):
 garbage-first heap   total 262144K, used 179191K [0x00000000e0000000, 0x0000000100000000)
  region size 1024K, 153 young (156672K), 18 survivors (18432K)
 Metaspace       used 57159K, committed 59136K, reserved 393216K
  class space    used 8177K, committed 9152K, reserved 327680K
}
Event: 7.273 GC heap after
{Heap after GC invocations=9 (full 0):
 garbage-first heap   total 262144K, used 51482K [0x00000000e0000000, 0x0000000100000000)
  region size 1024K, 20 young (20480K), 20 survivors (20480K)
 Metaspace       used 57159K, committed 59136K, reserved 393216K
  class space    used 8177K, committed 9152K, reserved 327680K
}
Event: 7.886 GC heap before
{Heap before GC invocations=9 (full 0):
 garbage-first heap   total 262144K, used 122138K [0x00000000e0000000, 0x0000000100000000)
  region size 1024K, 90 young (92160K), 20 survivors (20480K)
 Metaspace       used 58124K, committed 60096K, reserved 393216K
  class space    used 8235K, committed 9216K, reserved 327680K
}
Event: 7.908 GC heap after
{Heap after GC invocations=10 (full 0):
 garbage-first heap   total 262144K, used 60862K [0x00000000e0000000, 0x0000000100000000)
  region size 1024K, 8 young (8192K), 8 survivors (8192K)
 Metaspace       used 58124K, committed 60096K, reserved 393216K
  class space    used 8235K, committed 9216K, reserved 327680K
}

