# JRE version: Java(TM) SE Runtime Environment (21.0.4+8) (build 21.0.4+8-LTS-274)
# Java VM: Java HotSpot(TM) 64-Bit Server VM (21.0.4+8-LTS-274, mixed mode, sharing, tiered, compressed oops, compressed class ptrs, g1 gc, windows-amd64)
GC Precious Log:
 CardTable entry size: 512
 Card Set container configuration: InlinePtr #cards 5 size 8 Array Of Cards #cards 12 size 40 Howl #buckets 4 coarsen threshold 1843 Howl Bitmap #cards 512 size 80 coarsen threshold 460 Card regions per heap region 1 cards per card region 2048
 CPUs: 8 total, 8 available
 Memory: 16215M
 Large Page Support: Disabled
 NUMA Support: Disabled
 Compressed Oops: Enabled (32-bit)
 Heap Region Size: 1M
 Heap Min Capacity: 256M
 Heap Initial Capacity: 256M
 Heap Max Capacity: 512M
 Pre-touch: Disabled
 Parallel Workers: 8
 Concurrent Workers: 2
 Concurrent Refinement Workers: 8
 Periodic GC: Disabled
Heap:
 garbage-first heap   total 262144K, used 108928K [0x00000000e0000000, 0x0000000100000000)
  region size 1024K, 84 young (86016K), 16 survivors (16384K)
 Metaspace       used 53565K, committed 55424K, reserved 393216K
  class space    used 7762K, committed 8704K, reserved 327680K
GC Heap History (14 events):
Event: 10.769 GC heap before
{Heap before GC invocations=0 (full 0):
 garbage-first heap   total 262144K, used 27648K [0x00000000e0000000, 0x0000000100000000)
  region size 1024K, 23 young (23552K), 0 survivors (0K)
 Metaspace       used 2220K, committed 2368K, reserved 393216K
  class space    used 241K, committed 320K, reserved 327680K
}
Event: 11.806 GC heap after
{Heap after GC invocations=1 (full 0):
 garbage-first heap   total 262144K, used 10581K [0x00000000e0000000, 0x0000000100000000)
  region size 1024K, 3 young (3072K), 3 survivors (3072K)
 Metaspace       used 2220K, committed 2368K, reserved 393216K
  class space    used 241K, committed 320K, reserved 327680K
}
Event: 15.793 GC heap before
{Heap before GC invocations=1 (full 0):
 garbage-first heap   total 262144K, used 40277K [0x00000000e0000000, 0x0000000100000000)
  region size 1024K, 32 young (32768K), 3 survivors (3072K)
 Metaspace       used 4196K, committed 4416K, reserved 393216K
  class space    used 517K, committed 640K, reserved 327680K
}
Event: 15.799 GC heap after
{Heap after GC invocations=2 (full 0):
 garbage-first heap   total 262144K, used 12303K [0x00000000e0000000, 0x0000000100000000)
  region size 1024K, 2 young (2048K), 2 survivors (2048K)
 Metaspace       used 4196K, committed 4416K, reserved 393216K
  class space    used 517K, committed 640K, reserved 327680K
}
Event: 25.124 GC heap before
{Heap before GC invocations=2 (full 0):
 garbage-first heap   total 262144K, used 128015K [0x00000000e0000000, 0x0000000100000000)
  region size 1024K, 114 young (116736K), 2 survivors (2048K)
 Metaspace       used 20840K, committed 21504K, reserved 393216K
  class space    used 3009K, committed 3264K, reserved 327680K
}
Event: 25.221 GC heap after
{Heap after GC invocations=3 (full 0):
 garbage-first heap   total 262144K, used 24534K [0x00000000e0000000, 0x0000000100000000)
  region size 1024K, 13 young (13312K), 13 survivors (13312K)
 Metaspace       used 20840K, committed 21504K, reserved 393216K
  class space    used 3009K, committed 3264K, reserved 327680K
}
Event: 32.972 GC heap before
{Heap before GC invocations=4 (full 0):
 garbage-first heap   total 262144K, used 112598K [0x00000000e0000000, 0x0000000100000000)
  region size 1024K, 101 young (103424K), 13 survivors (13312K)
 Metaspace       used 34774K, committed 35968K, reserved 393216K
  class space    used 5045K, committed 5632K, reserved 327680K
}
Event: 32.990 GC heap after
{Heap after GC invocations=5 (full 0):
 garbage-first heap   total 262144K, used 30895K [0x00000000e0000000, 0x0000000100000000)
  region size 1024K, 7 young (7168K), 7 survivors (7168K)
 Metaspace       used 34774K, committed 35968K, reserved 393216K
  class space    used 5045K, committed 5632K, reserved 327680K
}
Event: 33.123 GC heap before
{Heap before GC invocations=5 (full 0):
 garbage-first heap   total 262144K, used 32943K [0x00000000e0000000, 0x0000000100000000)
  region size 1024K, 10 young (10240K), 7 survivors (7168K)
 Metaspace       used 35151K, committed 36288K, reserved 393216K
  class space    used 5082K, committed 5632K, reserved 327680K
}
Event: 33.132 GC heap after
{Heap after GC invocations=6 (full 0):
 garbage-first heap   total 262144K, used 32220K [0x00000000e0000000, 0x0000000100000000)
  region size 1024K, 8 young (8192K), 8 survivors (8192K)
 Metaspace       used 35151K, committed 36288K, reserved 393216K
  class space    used 5082K, committed 5632K, reserved 327680K
}
Event: 33.296 GC heap before
{Heap before GC invocations=6 (full 0):
 garbage-first heap   total 262144K, used 34268K [0x00000000e0000000, 0x0000000100000000)
  region size 1024K, 11 young (11264K), 8 survivors (8192K)
 Metaspace       used 35367K, committed 36608K, reserved 393216K
  class space    used 5098K, committed 5696K, reserved 327680K
}
Event: 33.302 GC heap after
{Heap after GC invocations=7 (full 0):
 garbage-first heap   total 262144K, used 31742K [0x00000000e0000000, 0x0000000100000000)
  region size 1024K, 8 young (8192K), 8 survivors (8192K)
 Metaspace       used 35367K, committed 36608K, reserved 393216K
  class space    used 5098K, committed 5696K, reserved 327680K
}
Event: 41.370 GC heap before
{Heap before GC invocations=8 (full 0):
 garbage-first heap   total 262144K, used 186366K [0x00000000e0000000, 0x0000000100000000)
  region size 1024K, 153 young (156672K), 8 survivors (8192K)
 Metaspace       used 48882K, committed 50560K, reserved 393216K
  class space    used 6975K, committed 7744K, reserved 327680K
}
Event: 41.387 GC heap after
{Heap after GC invocations=9 (full 0):
 garbage-first heap   total 262144K, used 40320K [0x00000000e0000000, 0x0000000100000000)
  region size 1024K, 16 young (16384K), 16 survivors (16384K)
 Metaspace       used 48882K, committed 50560K, reserved 393216K
  class space    used 6975K, committed 7744K, reserved 327680K
}

